<?xml version="1.0" encoding="UTF-8"?><testrun name="WEEK5LAB1" project="WEEK5LAB1" tests="11" started="11" failures="0" errors="1" ignored="0">
  <testsuite name="BookTest" time="0.0">
    <testcase name="CalculateCosttest" classname="BookTest" time="0.0"/>
    <testcase name="InStocktest" classname="BookTest" time="0.0"/>
  </testsuite>
  <testsuite name="DownloadableBookTest" time="0.0">
    <testcase name="test" classname="DownloadableBookTest" time="0.0"/>
  </testsuite>
  <testsuite name="OrderTest" time="0.0">
    <testcase name="test" classname="OrderTest" time="0.0">
      <error>BookNotAvailableException: Book Not in stock&#13;
	at Book.&lt;init&gt;(Book.java:16)&#13;
	at DownloadableBook.&lt;init&gt;(DownloadableBook.java:4)&#13;
	at Order.&lt;init&gt;(Order.java:12)&#13;
	at OrderTest.setUp(OrderTest.java:11)&#13;
	at sun.reflect.NativeMethodAccessorImpl.invoke0(Native Method)&#13;
	at sun.reflect.NativeMethodAccessorImpl.invoke(Unknown Source)&#13;
	at sun.reflect.DelegatingMethodAccessorImpl.invoke(Unknown Source)&#13;
	at java.lang.reflect.Method.invoke(Unknown Source)&#13;
	at org.junit.runners.model.FrameworkMethod$1.runReflectiveCall(FrameworkMethod.java:47)&#13;
	at org.junit.internal.runners.model.ReflectiveCallable.run(ReflectiveCallable.java:12)&#13;
	at org.junit.runners.model.FrameworkMethod.invokeExplosively(FrameworkMethod.java:44)&#13;
	at org.junit.internal.runners.statements.RunBefores.evaluate(RunBefores.java:24)&#13;
	at org.junit.runners.ParentRunner.runLeaf(ParentRunner.java:271)&#13;
	at org.junit.runners.BlockJUnit4ClassRunner.runChild(BlockJUnit4ClassRunner.java:70)&#13;
	at org.junit.runners.BlockJUnit4ClassRunner.runChild(BlockJUnit4ClassRunner.java:50)&#13;
	at org.junit.runners.ParentRunner$3.run(ParentRunner.java:238)&#13;
	at org.junit.runners.ParentRunner$1.schedule(ParentRunner.java:63)&#13;
	at org.junit.runners.ParentRunner.runChildren(ParentRunner.java:236)&#13;
	at org.junit.runners.ParentRunner.access$000(ParentRunner.java:53)&#13;
	at org.junit.runners.ParentRunner$2.evaluate(ParentRunner.java:229)&#13;
	at org.junit.runners.ParentRunner.run(ParentRunner.java:309)&#13;
	at org.eclipse.jdt.internal.junit4.runner.JUnit4TestReference.run(JUnit4TestReference.java:50)&#13;
	at org.eclipse.jdt.internal.junit.runner.TestExecution.run(TestExecution.java:38)&#13;
	at org.eclipse.jdt.internal.junit.runner.RemoteTestRunner.runTests(RemoteTestRunner.java:459)&#13;
	at org.eclipse.jdt.internal.junit.runner.RemoteTestRunner.runTests(RemoteTestRunner.java:675)&#13;
	at org.eclipse.jdt.internal.junit.runner.RemoteTestRunner.run(RemoteTestRunner.java:382)&#13;
	at org.eclipse.jdt.internal.junit.runner.RemoteTestRunner.main(RemoteTestRunner.java:192)&#13;
&#13;
</error>
    </testcase>
  </testsuite>
  <testsuite name="HardCoverTest" time="0.0">
    <testcase name="test" classname="HardCoverTest" time="0.0"/>
  </testsuite>
  <testsuite name="ShippingLookupTest" time="0.01">
    <testcase name="THREE_DAY_INCR_test" classname="ShippingLookupTest" time="0.0"/>
    <testcase name="SAME_DAY_DESC_test" classname="ShippingLookupTest" time="0.0"/>
    <testcase name="GROUND_INCR_test" classname="ShippingLookupTest" time="0.0"/>
    <testcase name="SAME_DAY_INCR_test" classname="ShippingLookupTest" time="0.0"/>
    <testcase name="THREE_DAY_DESC_test" classname="ShippingLookupTest" time="0.0"/>
    <testcase name="GROUND_test" classname="ShippingLookupTest" time="0.0"/>
  </testsuite>
</testrun>
